<?xml version="1.0" encoding="UTF-8"?>
<testng-results skipped="1" failed="0" total="1" passed="0">
  <reporter-output>
  </reporter-output>
  <suite name="Default suite" duration-ms="57809" started-at="2015-06-28T21:53:27Z" finished-at="2015-06-28T21:54:24Z">
    <groups>
    </groups>
    <test name="Default test" duration-ms="57809" started-at="2015-06-28T21:53:27Z" finished-at="2015-06-28T21:54:24Z">
      <class name="ru.scrumtrek.LoginTest">
        <test-method status="FAIL" signature="init()[pri:0, instance:ru.scrumtrek.LoginTest@5c1becb3]" name="init" is-config="true" duration-ms="0" started-at="2015-06-29T00:53:27Z" finished-at="2015-06-29T00:53:27Z">
          <exception class="org.openqa.selenium.WebDriverException">
            <message>
              <![CDATA[Failed to connect to binary FirefoxBinary(C:\Program Files (x86)\Mozilla Firefox\firefox.exe) on port 7055; process output follows: 
iver@googlecode.com to C:\Users\17D3~1\AppData\Local\Temp\anonymous6248316361171765404webdriver-profile\extensions\fxdriver@googlecode.com
1435528419739	addons.xpi	DEBUG	Ignoring file entry whose name is not a valid add-on ID: C:\Users\17D3~1\AppData\Local\Temp\anonymous6248316361171765404webdriver-profile\extensions\webdriver-staging
1435528419740	addons.xpi	INFO	Mapping {972ce4c6-7e08-4474-a285-3208198ce6fd} to C:\Program Files (x86)\Mozilla Firefox\browser\extensions\{972ce4c6-7e08-4474-a285-3208198ce6fd}
1435528419740	addons.xpi	DEBUG	Skipping unavailable install location app-system-share
1435528419740	addons.xpi	DEBUG	Skipping unavailable install location app-system-local
1435528419741	addons.xpi	DEBUG	checkForChanges
1435528419741	addons.xpi	DEBUG	Loaded add-on state from prefs: {"app-profile":{"fxdriver@googlecode.com":{"d":"C:\\Users\\17D3~1\\AppData\\Local\\Temp\\anonymous6248316361171765404webdriver-profile\\extensions\\fxdriver@googlecode.com","e":true,"v":"2.43.1","st":1435528413843,"mt":1435528413676}},"app-global":{"{972ce4c6-7e08-4474-a285-3208198ce6fd}":{"d":"C:\\Program Files (x86)\\Mozilla Firefox\\browser\\extensions\\{972ce4c6-7e08-4474-a285-3208198ce6fd}","e":true,"v":"38.0.5","st":1434833864600,"mt":1432596056000}}}
1435528419742	addons.xpi	DEBUG	getModTime: Recursive scan of fxdriver@googlecode.com
1435528419747	addons.xpi	DEBUG	getModTime: Recursive scan of {972ce4c6-7e08-4474-a285-3208198ce6fd}
1435528419748	addons.xpi	DEBUG	getInstallState changed: false, state: {"app-profile":{"fxdriver@googlecode.com":{"d":"C:\\Users\\17D3~1\\AppData\\Local\\Temp\\anonymous6248316361171765404webdriver-profile\\extensions\\fxdriver@googlecode.com","e":true,"v":"2.43.1","st":1435528413843,"mt":1435528413676}},"app-global":{"{972ce4c6-7e08-4474-a285-3208198ce6fd}":{"d":"C:\\Program Files (x86)\\Mozilla Firefox\\browser\\extensions\\{972ce4c6-7e08-4474-a285-3208198ce6fd}","e":true,"v":"38.0.5","st":1434833864600,"mt":1432596056000}}}
1435528419749	addons.xpi	DEBUG	No changes found
1435528419752	addons.manager	DEBUG	Registering shutdown blocker for XPIProvider
1435528419752	addons.manager	DEBUG	Provider finished startup: XPIProvider
1435528419752	addons.manager	DEBUG	Starting provider: LightweightThemeManager
1435528419753	addons.manager	DEBUG	Registering shutdown blocker for LightweightThemeManager
1435528419753	addons.manager	DEBUG	Provider finished startup: LightweightThemeManager
1435528419753	addons.manager	DEBUG	Starting provider: GMPProvider
1435528419755	addons.manager	DEBUG	Registering shutdown blocker for GMPProvider
1435528419756	addons.manager	DEBUG	Provider finished startup: GMPProvider
1435528419756	addons.manager	DEBUG	Starting provider: PluginProvider
1435528419756	addons.manager	DEBUG	Registering shutdown blocker for PluginProvider
1435528419756	addons.manager	DEBUG	Provider finished startup: PluginProvider
1435528419756	addons.manager	DEBUG	Completed startup sequence
1435528419856	addons.xpi-utils	DEBUG	Starting async load of XPI database C:\Users\17D3~1\AppData\Local\Temp\anonymous6248316361171765404webdriver-profile\extensions.json
1435528419857	addons.manager	DEBUG	Starting provider: <unnamed-provider>
1435528419858	addons.manager	DEBUG	Registering shutdown blocker for <unnamed-provider>
1435528419858	addons.manager	DEBUG	Provider finished startup: <unnamed-provider>
1435528420031	addons.xpi-utils	DEBUG	Async JSON file read took 0 MS
1435528420031	addons.xpi-utils	DEBUG	Finished async read of XPI database, parsing...
1435528420031	addons.xpi-utils	DEBUG	Successfully read XPI database
*** Blocklist::_loadBlocklistFromFile: blocklist is disabled
JavaScript error: file:///C:/Users/17D3~1/AppData/Local/Temp/anonymous6248316361171765404webdriver-profile/extensions/fxdriver@googlecode.com/components/driver-component.js, line 11464: TypeError: this.server_ is undefined
JavaScript error: chrome://fxdriver/content/server.js, line 38: NS_ERROR_XPC_CI_RETURNED_FAILURE: Component returned failure code: 0x80570015 (NS_ERROR_XPC_CI_RETURNED_FAILURE) [nsIJSCID.createInstance]

Build info: version: '2.43.1', revision: '5163bceef1bc36d43f3dc0b83c88998168a363a0', time: '2014-09-10 09:43:55'
System info: host: 'Big', ip: '192.168.1.33', os.name: 'Windows 7', os.arch: 'amd64', os.version: '6.1', java.version: '1.7.0_79'
Driver info: driver.version: FirefoxDriver]]>
            </message>
            <full-stacktrace>
              <![CDATA[org.openqa.selenium.WebDriverException: Failed to connect to binary FirefoxBinary(C:\Program Files (x86)\Mozilla Firefox\firefox.exe) on port 7055; process output follows: 
iver@googlecode.com to C:\Users\17D3~1\AppData\Local\Temp\anonymous6248316361171765404webdriver-profile\extensions\fxdriver@googlecode.com
1435528419739	addons.xpi	DEBUG	Ignoring file entry whose name is not a valid add-on ID: C:\Users\17D3~1\AppData\Local\Temp\anonymous6248316361171765404webdriver-profile\extensions\webdriver-staging
1435528419740	addons.xpi	INFO	Mapping {972ce4c6-7e08-4474-a285-3208198ce6fd} to C:\Program Files (x86)\Mozilla Firefox\browser\extensions\{972ce4c6-7e08-4474-a285-3208198ce6fd}
1435528419740	addons.xpi	DEBUG	Skipping unavailable install location app-system-share
1435528419740	addons.xpi	DEBUG	Skipping unavailable install location app-system-local
1435528419741	addons.xpi	DEBUG	checkForChanges
1435528419741	addons.xpi	DEBUG	Loaded add-on state from prefs: {"app-profile":{"fxdriver@googlecode.com":{"d":"C:\\Users\\17D3~1\\AppData\\Local\\Temp\\anonymous6248316361171765404webdriver-profile\\extensions\\fxdriver@googlecode.com","e":true,"v":"2.43.1","st":1435528413843,"mt":1435528413676}},"app-global":{"{972ce4c6-7e08-4474-a285-3208198ce6fd}":{"d":"C:\\Program Files (x86)\\Mozilla Firefox\\browser\\extensions\\{972ce4c6-7e08-4474-a285-3208198ce6fd}","e":true,"v":"38.0.5","st":1434833864600,"mt":1432596056000}}}
1435528419742	addons.xpi	DEBUG	getModTime: Recursive scan of fxdriver@googlecode.com
1435528419747	addons.xpi	DEBUG	getModTime: Recursive scan of {972ce4c6-7e08-4474-a285-3208198ce6fd}
1435528419748	addons.xpi	DEBUG	getInstallState changed: false, state: {"app-profile":{"fxdriver@googlecode.com":{"d":"C:\\Users\\17D3~1\\AppData\\Local\\Temp\\anonymous6248316361171765404webdriver-profile\\extensions\\fxdriver@googlecode.com","e":true,"v":"2.43.1","st":1435528413843,"mt":1435528413676}},"app-global":{"{972ce4c6-7e08-4474-a285-3208198ce6fd}":{"d":"C:\\Program Files (x86)\\Mozilla Firefox\\browser\\extensions\\{972ce4c6-7e08-4474-a285-3208198ce6fd}","e":true,"v":"38.0.5","st":1434833864600,"mt":1432596056000}}}
1435528419749	addons.xpi	DEBUG	No changes found
1435528419752	addons.manager	DEBUG	Registering shutdown blocker for XPIProvider
1435528419752	addons.manager	DEBUG	Provider finished startup: XPIProvider
1435528419752	addons.manager	DEBUG	Starting provider: LightweightThemeManager
1435528419753	addons.manager	DEBUG	Registering shutdown blocker for LightweightThemeManager
1435528419753	addons.manager	DEBUG	Provider finished startup: LightweightThemeManager
1435528419753	addons.manager	DEBUG	Starting provider: GMPProvider
1435528419755	addons.manager	DEBUG	Registering shutdown blocker for GMPProvider
1435528419756	addons.manager	DEBUG	Provider finished startup: GMPProvider
1435528419756	addons.manager	DEBUG	Starting provider: PluginProvider
1435528419756	addons.manager	DEBUG	Registering shutdown blocker for PluginProvider
1435528419756	addons.manager	DEBUG	Provider finished startup: PluginProvider
1435528419756	addons.manager	DEBUG	Completed startup sequence
1435528419856	addons.xpi-utils	DEBUG	Starting async load of XPI database C:\Users\17D3~1\AppData\Local\Temp\anonymous6248316361171765404webdriver-profile\extensions.json
1435528419857	addons.manager	DEBUG	Starting provider: <unnamed-provider>
1435528419858	addons.manager	DEBUG	Registering shutdown blocker for <unnamed-provider>
1435528419858	addons.manager	DEBUG	Provider finished startup: <unnamed-provider>
1435528420031	addons.xpi-utils	DEBUG	Async JSON file read took 0 MS
1435528420031	addons.xpi-utils	DEBUG	Finished async read of XPI database, parsing...
1435528420031	addons.xpi-utils	DEBUG	Successfully read XPI database
*** Blocklist::_loadBlocklistFromFile: blocklist is disabled
JavaScript error: file:///C:/Users/17D3~1/AppData/Local/Temp/anonymous6248316361171765404webdriver-profile/extensions/fxdriver@googlecode.com/components/driver-component.js, line 11464: TypeError: this.server_ is undefined
JavaScript error: chrome://fxdriver/content/server.js, line 38: NS_ERROR_XPC_CI_RETURNED_FAILURE: Component returned failure code: 0x80570015 (NS_ERROR_XPC_CI_RETURNED_FAILURE) [nsIJSCID.createInstance]

Build info: version: '2.43.1', revision: '5163bceef1bc36d43f3dc0b83c88998168a363a0', time: '2014-09-10 09:43:55'
System info: host: 'Big', ip: '192.168.1.33', os.name: 'Windows 7', os.arch: 'amd64', os.version: '6.1', java.version: '1.7.0_79'
Driver info: driver.version: FirefoxDriver
	at org.openqa.selenium.firefox.internal.NewProfileExtensionConnection.start(NewProfileExtensionConnection.java:130)
	at org.openqa.selenium.firefox.FirefoxDriver.startClient(FirefoxDriver.java:246)
	at org.openqa.selenium.remote.RemoteWebDriver.<init>(RemoteWebDriver.java:114)
	at org.openqa.selenium.firefox.FirefoxDriver.<init>(FirefoxDriver.java:191)
	at org.openqa.selenium.firefox.FirefoxDriver.<init>(FirefoxDriver.java:186)
	at org.openqa.selenium.firefox.FirefoxDriver.<init>(FirefoxDriver.java:182)
	at org.openqa.selenium.firefox.FirefoxDriver.<init>(FirefoxDriver.java:99)
	at ru.scrumtrek.webdriver.WebDriverFactory.getInstance(WebDriverFactory.java:167)
	at ru.scrumtrek.webdriver.WebDriverFactory.getInstance(WebDriverFactory.java:78)
	at ru.scrumtrek.pages.TestBase.init(TestBase.java:53)
	at sun.reflect.NativeMethodAccessorImpl.invoke0(Native Method)
	at sun.reflect.NativeMethodAccessorImpl.invoke(Unknown Source)
	at sun.reflect.DelegatingMethodAccessorImpl.invoke(Unknown Source)
	at java.lang.reflect.Method.invoke(Unknown Source)
	at org.testng.internal.MethodInvocationHelper.invokeMethod(MethodInvocationHelper.java:84)
	at org.testng.internal.Invoker.invokeConfigurationMethod(Invoker.java:564)
	at org.testng.internal.Invoker.invokeConfigurations(Invoker.java:213)
	at org.testng.internal.Invoker.invokeConfigurations(Invoker.java:138)
	at org.testng.internal.TestMethodWorker.invokeBeforeClassMethods(TestMethodWorker.java:175)
	at org.testng.internal.TestMethodWorker.run(TestMethodWorker.java:107)
	at org.testng.TestRunner.privateRun(TestRunner.java:767)
	at org.testng.TestRunner.run(TestRunner.java:617)
	at org.testng.SuiteRunner.runTest(SuiteRunner.java:348)
	at org.testng.SuiteRunner.runSequentially(SuiteRunner.java:343)
	at org.testng.SuiteRunner.privateRun(SuiteRunner.java:305)
	at org.testng.SuiteRunner.run(SuiteRunner.java:254)
	at org.testng.SuiteRunnerWorker.runSuite(SuiteRunnerWorker.java:52)
	at org.testng.SuiteRunnerWorker.run(SuiteRunnerWorker.java:86)
	at org.testng.TestNG.runSuitesSequentially(TestNG.java:1224)
	at org.testng.TestNG.runSuitesLocally(TestNG.java:1149)
	at org.testng.TestNG.run(TestNG.java:1057)
	at org.testng.remote.RemoteTestNG.run(RemoteTestNG.java:111)
	at org.testng.remote.RemoteTestNG.initAndRun(RemoteTestNG.java:204)
	at org.testng.remote.RemoteTestNG.main(RemoteTestNG.java:175)
Caused by: org.openqa.selenium.firefox.NotConnectedException: Unable to connect to host 127.0.0.1 on port 7055 after 45000 ms. Firefox console output:
iver@googlecode.com to C:\Users\17D3~1\AppData\Local\Temp\anonymous6248316361171765404webdriver-profile\extensions\fxdriver@googlecode.com
1435528419739	addons.xpi	DEBUG	Ignoring file entry whose name is not a valid add-on ID: C:\Users\17D3~1\AppData\Local\Temp\anonymous6248316361171765404webdriver-profile\extensions\webdriver-staging
1435528419740	addons.xpi	INFO	Mapping {972ce4c6-7e08-4474-a285-3208198ce6fd} to C:\Program Files (x86)\Mozilla Firefox\browser\extensions\{972ce4c6-7e08-4474-a285-3208198ce6fd}
1435528419740	addons.xpi	DEBUG	Skipping unavailable install location app-system-share
1435528419740	addons.xpi	DEBUG	Skipping unavailable install location app-system-local
1435528419741	addons.xpi	DEBUG	checkForChanges
1435528419741	addons.xpi	DEBUG	Loaded add-on state from prefs: {"app-profile":{"fxdriver@googlecode.com":{"d":"C:\\Users\\17D3~1\\AppData\\Local\\Temp\\anonymous6248316361171765404webdriver-profile\\extensions\\fxdriver@googlecode.com","e":true,"v":"2.43.1","st":1435528413843,"mt":1435528413676}},"app-global":{"{972ce4c6-7e08-4474-a285-3208198ce6fd}":{"d":"C:\\Program Files (x86)\\Mozilla Firefox\\browser\\extensions\\{972ce4c6-7e08-4474-a285-3208198ce6fd}","e":true,"v":"38.0.5","st":1434833864600,"mt":1432596056000}}}
1435528419742	addons.xpi	DEBUG	getModTime: Recursive scan of fxdriver@googlecode.com
1435528419747	addons.xpi	DEBUG	getModTime: Recursive scan of {972ce4c6-7e08-4474-a285-3208198ce6fd}
1435528419748	addons.xpi	DEBUG	getInstallState changed: false, state: {"app-profile":{"fxdriver@googlecode.com":{"d":"C:\\Users\\17D3~1\\AppData\\Local\\Temp\\anonymous6248316361171765404webdriver-profile\\extensions\\fxdriver@googlecode.com","e":true,"v":"2.43.1","st":1435528413843,"mt":1435528413676}},"app-global":{"{972ce4c6-7e08-4474-a285-3208198ce6fd}":{"d":"C:\\Program Files (x86)\\Mozilla Firefox\\browser\\extensions\\{972ce4c6-7e08-4474-a285-3208198ce6fd}","e":true,"v":"38.0.5","st":1434833864600,"mt":1432596056000}}}
1435528419749	addons.xpi	DEBUG	No changes found
1435528419752	addons.manager	DEBUG	Registering shutdown blocker for XPIProvider
1435528419752	addons.manager	DEBUG	Provider finished startup: XPIProvider
1435528419752	addons.manager	DEBUG	Starting provider: LightweightThemeManager
1435528419753	addons.manager	DEBUG	Registering shutdown blocker for LightweightThemeManager
1435528419753	addons.manager	DEBUG	Provider finished startup: LightweightThemeManager
1435528419753	addons.manager	DEBUG	Starting provider: GMPProvider
1435528419755	addons.manager	DEBUG	Registering shutdown blocker for GMPProvider
1435528419756	addons.manager	DEBUG	Provider finished startup: GMPProvider
1435528419756	addons.manager	DEBUG	Starting provider: PluginProvider
1435528419756	addons.manager	DEBUG	Registering shutdown blocker for PluginProvider
1435528419756	addons.manager	DEBUG	Provider finished startup: PluginProvider
1435528419756	addons.manager	DEBUG	Completed startup sequence
1435528419856	addons.xpi-utils	DEBUG	Starting async load of XPI database C:\Users\17D3~1\AppData\Local\Temp\anonymous6248316361171765404webdriver-profile\extensions.json
1435528419857	addons.manager	DEBUG	Starting provider: <unnamed-provider>
1435528419858	addons.manager	DEBUG	Registering shutdown blocker for <unnamed-provider>
1435528419858	addons.manager	DEBUG	Provider finished startup: <unnamed-provider>
1435528420031	addons.xpi-utils	DEBUG	Async JSON file read took 0 MS
1435528420031	addons.xpi-utils	DEBUG	Finished async read of XPI database, parsing...
1435528420031	addons.xpi-utils	DEBUG	Successfully read XPI database
*** Blocklist::_loadBlocklistFromFile: blocklist is disabled
JavaScript error: file:///C:/Users/17D3~1/AppData/Local/Temp/anonymous6248316361171765404webdriver-profile/extensions/fxdriver@googlecode.com/components/driver-component.js, line 11464: TypeError: this.server_ is undefined
JavaScript error: chrome://fxdriver/content/server.js, line 38: NS_ERROR_XPC_CI_RETURNED_FAILURE: Component returned failure code: 0x80570015 (NS_ERROR_XPC_CI_RETURNED_FAILURE) [nsIJSCID.createInstance]

	at org.openqa.selenium.firefox.internal.NewProfileExtensionConnection.start(NewProfileExtensionConnection.java:118)
	... 33 more
]]>
            </full-stacktrace>
          </exception> <!-- org.openqa.selenium.WebDriverException -->
          <reporter-output>
          </reporter-output>
        </test-method> <!-- init -->
        <test-method status="SKIP" signature="testLogin()[pri:0, instance:ru.scrumtrek.LoginTest@5c1becb3]" name="testLogin" duration-ms="0" started-at="2015-06-29T00:54:24Z" finished-at="2015-06-29T00:54:24Z">
          <reporter-output>
          </reporter-output>
        </test-method> <!-- testLogin -->
        <test-method status="PASS" signature="tearDown()[pri:0, instance:ru.scrumtrek.LoginTest@5c1becb3]" name="tearDown" is-config="true" duration-ms="1" started-at="2015-06-29T00:54:24Z" finished-at="2015-06-29T00:54:24Z">
          <reporter-output>
          </reporter-output>
        </test-method> <!-- tearDown -->
      </class> <!-- ru.scrumtrek.LoginTest -->
    </test> <!-- Default test -->
  </suite> <!-- Default suite -->
</testng-results>
